{"contracts\\NFTTicket.sol":{"l":{"130":68,"152":73,"153":72,"154":71,"155":71,"156":70,"157":69,"158":68,"159":67,"161":66,"162":66,"168":66,"170":92,"171":92,"174":66,"175":66,"183":7,"185":7,"186":7,"187":6,"188":5,"189":5,"190":4,"192":2,"193":3,"194":3,"195":2,"196":2,"197":2,"200":1,"204":4,"208":5,"209":4,"213":5,"214":4,"215":3,"216":3,"220":2,"221":1,"222":1,"226":54,"230":3,"234":57,"236":56,"237":56,"238":56,"239":55,"242":54,"243":54,"244":54,"245":53,"246":53,"248":52,"251":52,"252":52,"262":52,"263":52,"273":52,"274":52,"275":52,"276":52,"277":52,"280":52,"283":52,"284":3,"285":3,"286":2,"287":2,"288":2,"289":2,"290":2,"294":52,"298":3,"302":2,"306":5,"307":5,"308":5,"310":5,"311":5,"312":5,"313":5,"317":5,"318":5,"319":5,"321":5,"322":6,"323":6,"325":6,"326":6,"327":6,"328":6,"329":6,"332":6,"333":13,"334":13,"343":13,"344":13,"352":13,"353":13,"357":6,"358":6,"359":6,"360":6,"361":6,"366":5,"369":4,"370":4,"371":4,"372":4,"376":4,"377":4,"378":2,"379":2,"380":2,"381":2,"382":2,"383":2,"384":2,"388":4,"392":3,"393":3,"400":8,"401":8,"402":8,"403":8,"404":7,"405":7,"406":7,"408":6,"409":6,"413":0,"414":0,"418":1,"424":7,"425":7,"426":7,"427":7,"428":7,"431":7,"432":7,"433":7,"434":7,"435":7,"436":7,"438":6,"444":6,"450":3,"451":3,"453":3,"454":3,"456":3,"457":3,"458":3,"459":3,"460":3,"461":3,"463":3,"464":3,"465":3,"467":3,"469":3,"470":3,"473":3,"475":3,"477":3,"478":3,"480":3,"481":3,"483":3,"487":2,"488":2,"489":2,"490":1,"491":1,"496":6,"497":6,"498":5,"499":5,"500":4,"501":4,"506":4,"507":4,"508":4,"509":3,"511":2,"512":2,"514":2,"516":2,"525":6,"534":0,"535":0,"536":0,"537":0,"546":6,"547":6,"548":6,"550":6,"551":1,"554":5,"555":4,"556":4,"557":4,"559":3,"561":3,"565":1,"569":1,"573":1,"577":1,"581":1,"585":1,"589":1,"593":3,"597":1,"598":1,"599":1,"600":1,"604":2},"path":"C:\\Users\\vishn\\myprojects\\Block-Chain\\nft-ticketing\\contracts\\NFTTicket.sol","s":{"1":73,"2":72,"3":71,"4":71,"5":70,"6":69,"7":68,"8":67,"9":66,"10":66,"11":92,"12":66,"13":7,"14":7,"15":7,"16":6,"17":5,"18":5,"19":4,"20":2,"21":3,"22":3,"23":1,"24":4,"25":5,"26":4,"27":5,"28":4,"29":3,"30":2,"31":1,"32":54,"33":3,"34":57,"35":56,"36":56,"37":56,"38":55,"39":54,"40":54,"41":54,"42":53,"43":53,"44":52,"45":52,"46":52,"47":52,"48":52,"49":3,"50":3,"51":2,"52":2,"53":2,"54":52,"55":3,"56":2,"57":5,"58":5,"59":5,"60":5,"61":5,"62":5,"63":5,"64":5,"65":5,"66":5,"67":5,"68":6,"69":6,"70":6,"71":6,"72":6,"73":6,"74":6,"75":6,"76":13,"77":13,"78":13,"79":5,"80":4,"81":4,"82":2,"83":2,"84":2,"85":2,"86":2,"87":4,"88":3,"89":3,"90":8,"91":8,"92":8,"93":8,"94":7,"95":7,"96":7,"97":6,"98":0,"99":1,"100":7,"101":7,"102":7,"103":7,"104":7,"105":7,"106":7,"107":7,"108":7,"109":7,"110":6,"111":3,"112":3,"113":3,"114":3,"115":3,"116":3,"117":3,"118":3,"119":3,"120":3,"121":3,"122":3,"123":3,"124":3,"125":3,"126":3,"127":3,"128":3,"129":2,"130":2,"131":2,"132":1,"133":6,"134":6,"135":5,"136":5,"137":4,"138":4,"139":4,"140":4,"141":3,"142":2,"143":2,"144":2,"145":6,"146":0,"147":0,"148":0,"149":6,"150":6,"151":6,"152":6,"153":5,"154":4,"155":4,"156":4,"157":3,"158":1,"159":1,"160":1,"161":1,"162":1,"163":1,"164":1,"165":3,"166":1,"167":1,"168":1,"169":1,"170":2},"b":{"1":[1,72],"2":[1,71],"3":[1,70],"4":[1,69],"5":[1,68],"6":[1,67],"7":[1,66],"8":[1,6],"9":[1,5],"10":[1,4],"11":[2,2],"12":[1,2],"13":[1,4],"14":[1,4],"15":[1,3],"16":[1,1],"17":[54,0],"18":[3,0],"19":[1,56],"20":[1,55],"21":[1,54],"22":[1,53],"23":[1,52],"24":[3,49],"25":[2,1],"26":[3,0],"27":[2,0],"28":[0,5],"29":[0,5],"30":[0,5],"31":[0,5],"32":[0,6],"33":[1,4],"34":[2,2],"35":[2,0],"36":[0,8],"37":[1,7],"38":[0,7],"39":[0,7],"40":[1,6],"41":[0,0],"42":[0,7],"43":[0,7],"44":[0,7],"45":[0,7],"46":[1,6],"47":[3,0],"48":[0,3],"49":[0,3],"50":[0,3],"51":[0,3],"52":[0,3],"53":[0,3],"54":[3,0],"55":[0,2],"56":[1,1],"57":[1,5],"58":[0,5],"59":[1,4],"60":[4,0],"61":[0,4],"62":[1,3],"63":[1,2],"64":[6,0],"65":[0,0],"66":[0,0],"67":[0,6],"68":[1,5],"69":[1,4],"70":[0,4],"71":[0,4],"72":[1,3],"73":[1,1]},"f":{"1":73,"2":68,"3":73,"4":7,"5":4,"6":5,"7":5,"8":2,"9":54,"10":3,"11":57,"12":3,"13":2,"14":5,"15":3,"16":8,"17":0,"18":1,"19":7,"20":3,"21":2,"22":6,"23":4,"24":6,"25":0,"26":6,"27":1,"28":1,"29":1,"30":1,"31":1,"32":1,"33":1,"34":3,"35":1,"36":2},"fnMap":{"1":{"name":"constructor","line":121,"loc":{"start":{"line":121,"column":4},"end":{"line":121,"column":53}}},"2":{"name":"_sendETH","line":129,"loc":{"start":{"line":129,"column":4},"end":{"line":137,"column":4}}},"3":{"name":"createEvent","line":145,"loc":{"start":{"line":145,"column":4},"end":{"line":176,"column":4}}},"4":{"name":"editEvent","line":178,"loc":{"start":{"line":178,"column":4},"end":{"line":201,"column":4}}},"5":{"name":"getTiers","line":203,"loc":{"start":{"line":203,"column":4},"end":{"line":205,"column":4}}},"6":{"name":"getTier","line":207,"loc":{"start":{"line":207,"column":4},"end":{"line":210,"column":4}}},"7":{"name":"addScanner","line":212,"loc":{"start":{"line":212,"column":4},"end":{"line":217,"column":4}}},"8":{"name":"removeScanner","line":219,"loc":{"start":{"line":219,"column":4},"end":{"line":223,"column":4}}},"9":{"name":"buyTicket","line":225,"loc":{"start":{"line":225,"column":4},"end":{"line":227,"column":4}}},"10":{"name":"buyTicketWithReferral","line":229,"loc":{"start":{"line":229,"column":4},"end":{"line":231,"column":4}}},"11":{"name":"_buyTicketInternal","line":233,"loc":{"start":{"line":233,"column":4},"end":{"line":295,"column":4}}},"12":{"name":"buyBatchTickets","line":297,"loc":{"start":{"line":297,"column":4},"end":{"line":299,"column":4}}},"13":{"name":"buyBatchTicketsWithReferral","line":301,"loc":{"start":{"line":301,"column":4},"end":{"line":303,"column":4}}},"14":{"name":"_buyBatchInternal","line":305,"loc":{"start":{"line":305,"column":4},"end":{"line":389,"column":4}}},"15":{"name":"fetchEventData","line":391,"loc":{"start":{"line":391,"column":4},"end":{"line":394,"column":4}}},"16":{"name":"addReferral","line":399,"loc":{"start":{"line":399,"column":4},"end":{"line":410,"column":4}}},"17":{"name":"removeReferral","line":412,"loc":{"start":{"line":412,"column":4},"end":{"line":415,"column":4}}},"18":{"name":"getReferralBps","line":417,"loc":{"start":{"line":417,"column":4},"end":{"line":419,"column":4}}},"19":{"name":"listForResale","line":423,"loc":{"start":{"line":423,"column":4},"end":{"line":445,"column":4}}},"20":{"name":"buyResaleTicket","line":449,"loc":{"start":{"line":449,"column":4},"end":{"line":484,"column":4}}},"21":{"name":"cancelResaleListing","line":486,"loc":{"start":{"line":486,"column":4},"end":{"line":492,"column":4}}},"22":{"name":"cancelEvent","line":495,"loc":{"start":{"line":495,"column":4},"end":{"line":502,"column":4}}},"23":{"name":"claimRefund","line":505,"loc":{"start":{"line":505,"column":4},"end":{"line":517,"column":4}}},"24":{"name":"validateTicketEntry","line":524,"loc":{"start":{"line":524,"column":4},"end":{"line":526,"column":4}}},"25":{"name":"validateBatch","line":533,"loc":{"start":{"line":533,"column":4},"end":{"line":539,"column":4}}},"26":{"name":"_validateTicketInternal","line":545,"loc":{"start":{"line":545,"column":4},"end":{"line":562,"column":4}}},"27":{"name":"getTokenPurchasePrice","line":564,"loc":{"start":{"line":564,"column":4},"end":{"line":566,"column":4}}},"28":{"name":"getTokenNonce","line":568,"loc":{"start":{"line":568,"column":4},"end":{"line":570,"column":4}}},"29":{"name":"tokenToEvent","line":572,"loc":{"start":{"line":572,"column":4},"end":{"line":574,"column":4}}},"30":{"name":"tokenToTier","line":576,"loc":{"start":{"line":576,"column":4},"end":{"line":578,"column":4}}},"31":{"name":"getTokenOriginalPrice","line":580,"loc":{"start":{"line":580,"column":4},"end":{"line":582,"column":4}}},"32":{"name":"getTokenLastPricePaid","line":584,"loc":{"start":{"line":584,"column":4},"end":{"line":586,"column":4}}},"33":{"name":"isTokenRefunded","line":588,"loc":{"start":{"line":588,"column":4},"end":{"line":590,"column":4}}},"34":{"name":"getResaleListing","line":592,"loc":{"start":{"line":592,"column":4},"end":{"line":594,"column":4}}},"35":{"name":"royaltyInfo","line":596,"loc":{"start":{"line":596,"column":4},"end":{"line":601,"column":4}}},"36":{"name":"supportsInterface","line":603,"loc":{"start":{"line":603,"column":4},"end":{"line":605,"column":4}}}},"statementMap":{"1":{"start":{"line":152,"column":8},"end":{"line":152,"column":59}},"2":{"start":{"line":153,"column":8},"end":{"line":153,"column":53}},"3":{"start":{"line":154,"column":8},"end":{"line":154,"column":35}},"4":{"start":{"line":155,"column":8},"end":{"line":155,"column":57}},"5":{"start":{"line":156,"column":8},"end":{"line":156,"column":38}},"6":{"start":{"line":157,"column":8},"end":{"line":157,"column":42}},"7":{"start":{"line":158,"column":8},"end":{"line":158,"column":60}},"8":{"start":{"line":159,"column":8},"end":{"line":159,"column":102}},"9":{"start":{"line":161,"column":8},"end":{"line":161,"column":37}},"10":{"start":{"line":168,"column":8},"end":{"line":168,"column":6899}},"11":{"start":{"line":170,"column":12},"end":{"line":170,"column":68}},"12":{"start":{"line":174,"column":8},"end":{"line":174,"column":56}},"13":{"start":{"line":183,"column":8},"end":{"line":183,"column":43}},"14":{"start":{"line":185,"column":8},"end":{"line":185,"column":35}},"15":{"start":{"line":186,"column":8},"end":{"line":186,"column":53}},"16":{"start":{"line":187,"column":8},"end":{"line":187,"column":57}},"17":{"start":{"line":188,"column":8},"end":{"line":188,"column":38}},"18":{"start":{"line":189,"column":8},"end":{"line":189,"column":60}},"19":{"start":{"line":190,"column":8},"end":{"line":190,"column":72}},"20":{"start":{"line":192,"column":8},"end":{"line":192,"column":7838}},"21":{"start":{"line":193,"column":12},"end":{"line":193,"column":51}},"22":{"start":{"line":194,"column":12},"end":{"line":194,"column":59}},"23":{"start":{"line":200,"column":8},"end":{"line":200,"column":51}},"24":{"start":{"line":204,"column":8},"end":{"line":204,"column":34}},"25":{"start":{"line":208,"column":8},"end":{"line":208,"column":70}},"26":{"start":{"line":209,"column":8},"end":{"line":209,"column":42}},"27":{"start":{"line":213,"column":8},"end":{"line":213,"column":79}},"28":{"start":{"line":214,"column":8},"end":{"line":214,"column":58}},"29":{"start":{"line":216,"column":8},"end":{"line":216,"column":43}},"30":{"start":{"line":220,"column":8},"end":{"line":220,"column":79}},"31":{"start":{"line":222,"column":8},"end":{"line":222,"column":45}},"32":{"start":{"line":226,"column":8},"end":{"line":226,"column":77}},"33":{"start":{"line":230,"column":8},"end":{"line":230,"column":75}},"34":{"start":{"line":234,"column":8},"end":{"line":234,"column":59}},"35":{"start":{"line":236,"column":8},"end":{"line":236,"column":43}},"36":{"start":{"line":237,"column":8},"end":{"line":237,"column":35}},"37":{"start":{"line":238,"column":8},"end":{"line":238,"column":53}},"38":{"start":{"line":239,"column":8},"end":{"line":239,"column":53}},"39":{"start":{"line":242,"column":8},"end":{"line":242,"column":52}},"40":{"start":{"line":243,"column":8},"end":{"line":243,"column":34}},"41":{"start":{"line":244,"column":8},"end":{"line":244,"column":58}},"42":{"start":{"line":245,"column":8},"end":{"line":245,"column":35}},"43":{"start":{"line":246,"column":8},"end":{"line":246,"column":54}},"44":{"start":{"line":248,"column":8},"end":{"line":248,"column":37}},"45":{"start":{"line":251,"column":8},"end":{"line":251,"column":20}},"46":{"start":{"line":262,"column":8},"end":{"line":262,"column":28}},"47":{"start":{"line":280,"column":8},"end":{"line":280,"column":65}},"48":{"start":{"line":283,"column":8},"end":{"line":283,"column":11435}},"49":{"start":{"line":284,"column":12},"end":{"line":284,"column":62}},"50":{"start":{"line":285,"column":12},"end":{"line":285,"column":11587}},"51":{"start":{"line":286,"column":16},"end":{"line":286,"column":38}},"52":{"start":{"line":288,"column":16},"end":{"line":288,"column":49}},"53":{"start":{"line":289,"column":16},"end":{"line":289,"column":68}},"54":{"start":{"line":294,"column":8},"end":{"line":294,"column":28}},"55":{"start":{"line":298,"column":8},"end":{"line":298,"column":66}},"56":{"start":{"line":302,"column":8},"end":{"line":302,"column":64}},"57":{"start":{"line":306,"column":8},"end":{"line":306,"column":36}},"58":{"start":{"line":307,"column":8},"end":{"line":307,"column":61}},"59":{"start":{"line":308,"column":8},"end":{"line":308,"column":59}},"60":{"start":{"line":310,"column":8},"end":{"line":310,"column":43}},"61":{"start":{"line":311,"column":8},"end":{"line":311,"column":35}},"62":{"start":{"line":312,"column":8},"end":{"line":312,"column":53}},"63":{"start":{"line":313,"column":8},"end":{"line":313,"column":58}},"64":{"start":{"line":317,"column":8},"end":{"line":317,"column":43}},"65":{"start":{"line":318,"column":8},"end":{"line":318,"column":25}},"66":{"start":{"line":319,"column":8},"end":{"line":319,"column":27}},"67":{"start":{"line":321,"column":8},"end":{"line":321,"column":13171}},"68":{"start":{"line":322,"column":12},"end":{"line":322,"column":36}},"69":{"start":{"line":323,"column":12},"end":{"line":323,"column":38}},"70":{"start":{"line":325,"column":12},"end":{"line":325,"column":53}},"71":{"start":{"line":326,"column":12},"end":{"line":326,"column":37}},"72":{"start":{"line":327,"column":12},"end":{"line":327,"column":41}},"73":{"start":{"line":328,"column":12},"end":{"line":328,"column":62}},"74":{"start":{"line":329,"column":12},"end":{"line":329,"column":46}},"75":{"start":{"line":332,"column":12},"end":{"line":332,"column":13660}},"76":{"start":{"line":333,"column":16},"end":{"line":333,"column":28}},"77":{"start":{"line":343,"column":16},"end":{"line":343,"column":47}},"78":{"start":{"line":352,"column":16},"end":{"line":352,"column":81}},"79":{"start":{"line":366,"column":8},"end":{"line":366,"column":57}},"80":{"start":{"line":376,"column":8},"end":{"line":376,"column":43}},"81":{"start":{"line":377,"column":8},"end":{"line":377,"column":15468}},"82":{"start":{"line":378,"column":12},"end":{"line":378,"column":62}},"83":{"start":{"line":379,"column":12},"end":{"line":379,"column":15625}},"84":{"start":{"line":380,"column":16},"end":{"line":380,"column":38}},"85":{"start":{"line":383,"column":16},"end":{"line":383,"column":49}},"86":{"start":{"line":384,"column":16},"end":{"line":384,"column":68}},"87":{"start":{"line":388,"column":8},"end":{"line":388,"column":37}},"88":{"start":{"line":392,"column":8},"end":{"line":392,"column":43}},"89":{"start":{"line":393,"column":8},"end":{"line":393,"column":70}},"90":{"start":{"line":400,"column":8},"end":{"line":400,"column":43}},"91":{"start":{"line":401,"column":8},"end":{"line":401,"column":35}},"92":{"start":{"line":402,"column":8},"end":{"line":402,"column":53}},"93":{"start":{"line":403,"column":8},"end":{"line":403,"column":57}},"94":{"start":{"line":404,"column":8},"end":{"line":404,"column":59}},"95":{"start":{"line":405,"column":8},"end":{"line":405,"column":53}},"96":{"start":{"line":406,"column":8},"end":{"line":406,"column":48}},"97":{"start":{"line":409,"column":8},"end":{"line":409,"column":50}},"98":{"start":{"line":413,"column":8},"end":{"line":413,"column":79}},"99":{"start":{"line":418,"column":8},"end":{"line":418,"column":48}},"100":{"start":{"line":424,"column":8},"end":{"line":424,"column":50}},"101":{"start":{"line":425,"column":8},"end":{"line":425,"column":45}},"102":{"start":{"line":426,"column":8},"end":{"line":426,"column":59}},"103":{"start":{"line":427,"column":8},"end":{"line":427,"column":61}},"104":{"start":{"line":428,"column":8},"end":{"line":428,"column":45}},"105":{"start":{"line":431,"column":8},"end":{"line":431,"column":53}},"106":{"start":{"line":432,"column":8},"end":{"line":432,"column":71}},"107":{"start":{"line":433,"column":8},"end":{"line":433,"column":42}},"108":{"start":{"line":434,"column":8},"end":{"line":434,"column":30}},"109":{"start":{"line":436,"column":8},"end":{"line":436,"column":65}},"110":{"start":{"line":444,"column":8},"end":{"line":444,"column":56}},"111":{"start":{"line":450,"column":8},"end":{"line":450,"column":62}},"112":{"start":{"line":451,"column":8},"end":{"line":451,"column":48}},"113":{"start":{"line":453,"column":8},"end":{"line":453,"column":62}},"114":{"start":{"line":454,"column":8},"end":{"line":454,"column":59}},"115":{"start":{"line":456,"column":8},"end":{"line":456,"column":49}},"116":{"start":{"line":457,"column":8},"end":{"line":457,"column":41}},"117":{"start":{"line":458,"column":8},"end":{"line":458,"column":53}},"118":{"start":{"line":459,"column":8},"end":{"line":459,"column":58}},"119":{"start":{"line":460,"column":8},"end":{"line":460,"column":64}},"120":{"start":{"line":461,"column":8},"end":{"line":461,"column":71}},"121":{"start":{"line":463,"column":8},"end":{"line":463,"column":81}},"122":{"start":{"line":464,"column":8},"end":{"line":464,"column":30}},"123":{"start":{"line":469,"column":8},"end":{"line":469,"column":19781}},"124":{"start":{"line":470,"column":12},"end":{"line":470,"column":39}},"125":{"start":{"line":473,"column":8},"end":{"line":473,"column":47}},"126":{"start":{"line":475,"column":8},"end":{"line":475,"column":53}},"127":{"start":{"line":477,"column":8},"end":{"line":477,"column":69}},"128":{"start":{"line":483,"column":8},"end":{"line":483,"column":117}},"129":{"start":{"line":487,"column":8},"end":{"line":487,"column":63}},"130":{"start":{"line":488,"column":8},"end":{"line":488,"column":47}},"131":{"start":{"line":489,"column":8},"end":{"line":489,"column":60}},"132":{"start":{"line":491,"column":8},"end":{"line":491,"column":38}},"133":{"start":{"line":496,"column":8},"end":{"line":496,"column":43}},"134":{"start":{"line":497,"column":8},"end":{"line":497,"column":67}},"135":{"start":{"line":498,"column":8},"end":{"line":498,"column":59}},"136":{"start":{"line":499,"column":8},"end":{"line":499,"column":87}},"137":{"start":{"line":501,"column":8},"end":{"line":501,"column":36}},"138":{"start":{"line":506,"column":8},"end":{"line":506,"column":67}},"139":{"start":{"line":507,"column":8},"end":{"line":507,"column":53}},"140":{"start":{"line":508,"column":8},"end":{"line":508,"column":66}},"141":{"start":{"line":509,"column":8},"end":{"line":509,"column":52}},"142":{"start":{"line":512,"column":8},"end":{"line":512,"column":59}},"143":{"start":{"line":514,"column":8},"end":{"line":514,"column":41}},"144":{"start":{"line":516,"column":8},"end":{"line":516,"column":61}},"145":{"start":{"line":525,"column":8},"end":{"line":525,"column":57}},"146":{"start":{"line":534,"column":8},"end":{"line":534,"column":80}},"147":{"start":{"line":535,"column":8},"end":{"line":535,"column":22667}},"148":{"start":{"line":536,"column":12},"end":{"line":536,"column":69}},"149":{"start":{"line":546,"column":8},"end":{"line":546,"column":50}},"150":{"start":{"line":547,"column":8},"end":{"line":547,"column":45}},"151":{"start":{"line":548,"column":8},"end":{"line":548,"column":47}},"152":{"start":{"line":550,"column":8},"end":{"line":550,"column":23243}},"153":{"start":{"line":554,"column":8},"end":{"line":554,"column":54}},"154":{"start":{"line":555,"column":8},"end":{"line":555,"column":59}},"155":{"start":{"line":556,"column":8},"end":{"line":556,"column":49}},"156":{"start":{"line":557,"column":8},"end":{"line":557,"column":72}},"157":{"start":{"line":561,"column":8},"end":{"line":561,"column":84}},"158":{"start":{"line":565,"column":8},"end":{"line":565,"column":57}},"159":{"start":{"line":569,"column":8},"end":{"line":569,"column":49}},"160":{"start":{"line":573,"column":8},"end":{"line":573,"column":51}},"161":{"start":{"line":577,"column":8},"end":{"line":577,"column":39}},"162":{"start":{"line":581,"column":8},"end":{"line":581,"column":57}},"163":{"start":{"line":585,"column":8},"end":{"line":585,"column":57}},"164":{"start":{"line":589,"column":8},"end":{"line":589,"column":43}},"165":{"start":{"line":593,"column":8},"end":{"line":593,"column":38}},"166":{"start":{"line":597,"column":8},"end":{"line":597,"column":62}},"167":{"start":{"line":598,"column":8},"end":{"line":598,"column":42}},"168":{"start":{"line":599,"column":8},"end":{"line":599,"column":68}},"169":{"start":{"line":600,"column":8},"end":{"line":600,"column":38}},"170":{"start":{"line":604,"column":8},"end":{"line":604,"column":96}}},"branchMap":{"1":{"line":152,"type":"if","locations":[{"start":{"line":152,"column":8},"end":{"line":152,"column":8}},{"start":{"line":152,"column":8},"end":{"line":152,"column":8}}]},"2":{"line":153,"type":"if","locations":[{"start":{"line":153,"column":8},"end":{"line":153,"column":8}},{"start":{"line":153,"column":8},"end":{"line":153,"column":8}}]},"3":{"line":155,"type":"if","locations":[{"start":{"line":155,"column":8},"end":{"line":155,"column":8}},{"start":{"line":155,"column":8},"end":{"line":155,"column":8}}]},"4":{"line":156,"type":"if","locations":[{"start":{"line":156,"column":8},"end":{"line":156,"column":8}},{"start":{"line":156,"column":8},"end":{"line":156,"column":8}}]},"5":{"line":157,"type":"if","locations":[{"start":{"line":157,"column":8},"end":{"line":157,"column":8}},{"start":{"line":157,"column":8},"end":{"line":157,"column":8}}]},"6":{"line":158,"type":"if","locations":[{"start":{"line":158,"column":8},"end":{"line":158,"column":8}},{"start":{"line":158,"column":8},"end":{"line":158,"column":8}}]},"7":{"line":159,"type":"if","locations":[{"start":{"line":159,"column":8},"end":{"line":159,"column":8}},{"start":{"line":159,"column":8},"end":{"line":159,"column":8}}]},"8":{"line":186,"type":"if","locations":[{"start":{"line":186,"column":8},"end":{"line":186,"column":8}},{"start":{"line":186,"column":8},"end":{"line":186,"column":8}}]},"9":{"line":187,"type":"if","locations":[{"start":{"line":187,"column":8},"end":{"line":187,"column":8}},{"start":{"line":187,"column":8},"end":{"line":187,"column":8}}]},"10":{"line":189,"type":"if","locations":[{"start":{"line":189,"column":8},"end":{"line":189,"column":8}},{"start":{"line":189,"column":8},"end":{"line":189,"column":8}}]},"11":{"line":190,"type":"if","locations":[{"start":{"line":190,"column":8},"end":{"line":190,"column":8}},{"start":{"line":190,"column":8},"end":{"line":190,"column":8}}]},"12":{"line":194,"type":"if","locations":[{"start":{"line":194,"column":12},"end":{"line":194,"column":12}},{"start":{"line":194,"column":12},"end":{"line":194,"column":12}}]},"13":{"line":208,"type":"if","locations":[{"start":{"line":208,"column":8},"end":{"line":208,"column":8}},{"start":{"line":208,"column":8},"end":{"line":208,"column":8}}]},"14":{"line":213,"type":"if","locations":[{"start":{"line":213,"column":8},"end":{"line":213,"column":8}},{"start":{"line":213,"column":8},"end":{"line":213,"column":8}}]},"15":{"line":214,"type":"if","locations":[{"start":{"line":214,"column":8},"end":{"line":214,"column":8}},{"start":{"line":214,"column":8},"end":{"line":214,"column":8}}]},"16":{"line":220,"type":"if","locations":[{"start":{"line":220,"column":8},"end":{"line":220,"column":8}},{"start":{"line":220,"column":8},"end":{"line":220,"column":8}}]},"17":{"line":225,"type":"if","locations":[{"start":{"line":225,"column":73},"end":{"line":225,"column":73}},{"start":{"line":225,"column":73},"end":{"line":225,"column":73}}]},"18":{"line":229,"type":"if","locations":[{"start":{"line":229,"column":103},"end":{"line":229,"column":103}},{"start":{"line":229,"column":103},"end":{"line":229,"column":103}}]},"19":{"line":234,"type":"if","locations":[{"start":{"line":234,"column":8},"end":{"line":234,"column":8}},{"start":{"line":234,"column":8},"end":{"line":234,"column":8}}]},"20":{"line":238,"type":"if","locations":[{"start":{"line":238,"column":8},"end":{"line":238,"column":8}},{"start":{"line":238,"column":8},"end":{"line":238,"column":8}}]},"21":{"line":239,"type":"if","locations":[{"start":{"line":239,"column":8},"end":{"line":239,"column":8}},{"start":{"line":239,"column":8},"end":{"line":239,"column":8}}]},"22":{"line":244,"type":"if","locations":[{"start":{"line":244,"column":8},"end":{"line":244,"column":8}},{"start":{"line":244,"column":8},"end":{"line":244,"column":8}}]},"23":{"line":246,"type":"if","locations":[{"start":{"line":246,"column":8},"end":{"line":246,"column":8}},{"start":{"line":246,"column":8},"end":{"line":246,"column":8}}]},"24":{"line":283,"type":"if","locations":[{"start":{"line":283,"column":8},"end":{"line":283,"column":8}},{"start":{"line":283,"column":8},"end":{"line":283,"column":8}}]},"25":{"line":285,"type":"if","locations":[{"start":{"line":285,"column":12},"end":{"line":285,"column":12}},{"start":{"line":285,"column":12},"end":{"line":285,"column":12}}]},"26":{"line":297,"type":"if","locations":[{"start":{"line":297,"column":121},"end":{"line":297,"column":121}},{"start":{"line":297,"column":121},"end":{"line":297,"column":121}}]},"27":{"line":301,"type":"if","locations":[{"start":{"line":301,"column":151},"end":{"line":301,"column":151}},{"start":{"line":301,"column":151},"end":{"line":301,"column":151}}]},"28":{"line":307,"type":"if","locations":[{"start":{"line":307,"column":8},"end":{"line":307,"column":8}},{"start":{"line":307,"column":8},"end":{"line":307,"column":8}}]},"29":{"line":308,"type":"if","locations":[{"start":{"line":308,"column":8},"end":{"line":308,"column":8}},{"start":{"line":308,"column":8},"end":{"line":308,"column":8}}]},"30":{"line":312,"type":"if","locations":[{"start":{"line":312,"column":8},"end":{"line":312,"column":8}},{"start":{"line":312,"column":8},"end":{"line":312,"column":8}}]},"31":{"line":313,"type":"if","locations":[{"start":{"line":313,"column":8},"end":{"line":313,"column":8}},{"start":{"line":313,"column":8},"end":{"line":313,"column":8}}]},"32":{"line":328,"type":"if","locations":[{"start":{"line":328,"column":12},"end":{"line":328,"column":12}},{"start":{"line":328,"column":12},"end":{"line":328,"column":12}}]},"33":{"line":366,"type":"if","locations":[{"start":{"line":366,"column":8},"end":{"line":366,"column":8}},{"start":{"line":366,"column":8},"end":{"line":366,"column":8}}]},"34":{"line":377,"type":"if","locations":[{"start":{"line":377,"column":8},"end":{"line":377,"column":8}},{"start":{"line":377,"column":8},"end":{"line":377,"column":8}}]},"35":{"line":379,"type":"if","locations":[{"start":{"line":379,"column":12},"end":{"line":379,"column":12}},{"start":{"line":379,"column":12},"end":{"line":379,"column":12}}]},"36":{"line":402,"type":"if","locations":[{"start":{"line":402,"column":8},"end":{"line":402,"column":8}},{"start":{"line":402,"column":8},"end":{"line":402,"column":8}}]},"37":{"line":403,"type":"if","locations":[{"start":{"line":403,"column":8},"end":{"line":403,"column":8}},{"start":{"line":403,"column":8},"end":{"line":403,"column":8}}]},"38":{"line":404,"type":"if","locations":[{"start":{"line":404,"column":8},"end":{"line":404,"column":8}},{"start":{"line":404,"column":8},"end":{"line":404,"column":8}}]},"39":{"line":405,"type":"if","locations":[{"start":{"line":405,"column":8},"end":{"line":405,"column":8}},{"start":{"line":405,"column":8},"end":{"line":405,"column":8}}]},"40":{"line":406,"type":"if","locations":[{"start":{"line":406,"column":8},"end":{"line":406,"column":8}},{"start":{"line":406,"column":8},"end":{"line":406,"column":8}}]},"41":{"line":413,"type":"if","locations":[{"start":{"line":413,"column":8},"end":{"line":413,"column":8}},{"start":{"line":413,"column":8},"end":{"line":413,"column":8}}]},"42":{"line":426,"type":"if","locations":[{"start":{"line":426,"column":8},"end":{"line":426,"column":8}},{"start":{"line":426,"column":8},"end":{"line":426,"column":8}}]},"43":{"line":427,"type":"if","locations":[{"start":{"line":427,"column":8},"end":{"line":427,"column":8}},{"start":{"line":427,"column":8},"end":{"line":427,"column":8}}]},"44":{"line":428,"type":"if","locations":[{"start":{"line":428,"column":8},"end":{"line":428,"column":8}},{"start":{"line":428,"column":8},"end":{"line":428,"column":8}}]},"45":{"line":433,"type":"if","locations":[{"start":{"line":433,"column":8},"end":{"line":433,"column":8}},{"start":{"line":433,"column":8},"end":{"line":433,"column":8}}]},"46":{"line":436,"type":"if","locations":[{"start":{"line":436,"column":8},"end":{"line":436,"column":8}},{"start":{"line":436,"column":8},"end":{"line":436,"column":8}}]},"47":{"line":449,"type":"if","locations":[{"start":{"line":449,"column":63},"end":{"line":449,"column":63}},{"start":{"line":449,"column":63},"end":{"line":449,"column":63}}]},"48":{"line":451,"type":"if","locations":[{"start":{"line":451,"column":8},"end":{"line":451,"column":8}},{"start":{"line":451,"column":8},"end":{"line":451,"column":8}}]},"49":{"line":454,"type":"if","locations":[{"start":{"line":454,"column":8},"end":{"line":454,"column":8}},{"start":{"line":454,"column":8},"end":{"line":454,"column":8}}]},"50":{"line":458,"type":"if","locations":[{"start":{"line":458,"column":8},"end":{"line":458,"column":8}},{"start":{"line":458,"column":8},"end":{"line":458,"column":8}}]},"51":{"line":459,"type":"if","locations":[{"start":{"line":459,"column":8},"end":{"line":459,"column":8}},{"start":{"line":459,"column":8},"end":{"line":459,"column":8}}]},"52":{"line":460,"type":"if","locations":[{"start":{"line":460,"column":8},"end":{"line":460,"column":8}},{"start":{"line":460,"column":8},"end":{"line":460,"column":8}}]},"53":{"line":461,"type":"if","locations":[{"start":{"line":461,"column":8},"end":{"line":461,"column":8}},{"start":{"line":461,"column":8},"end":{"line":461,"column":8}}]},"54":{"line":469,"type":"if","locations":[{"start":{"line":469,"column":8},"end":{"line":469,"column":8}},{"start":{"line":469,"column":8},"end":{"line":469,"column":8}}]},"55":{"line":488,"type":"if","locations":[{"start":{"line":488,"column":8},"end":{"line":488,"column":8}},{"start":{"line":488,"column":8},"end":{"line":488,"column":8}}]},"56":{"line":489,"type":"if","locations":[{"start":{"line":489,"column":8},"end":{"line":489,"column":8}},{"start":{"line":489,"column":8},"end":{"line":489,"column":8}}]},"57":{"line":497,"type":"if","locations":[{"start":{"line":497,"column":8},"end":{"line":497,"column":8}},{"start":{"line":497,"column":8},"end":{"line":497,"column":8}}]},"58":{"line":498,"type":"if","locations":[{"start":{"line":498,"column":8},"end":{"line":498,"column":8}},{"start":{"line":498,"column":8},"end":{"line":498,"column":8}}]},"59":{"line":499,"type":"if","locations":[{"start":{"line":499,"column":8},"end":{"line":499,"column":8}},{"start":{"line":499,"column":8},"end":{"line":499,"column":8}}]},"60":{"line":505,"type":"if","locations":[{"start":{"line":505,"column":51},"end":{"line":505,"column":51}},{"start":{"line":505,"column":51},"end":{"line":505,"column":51}}]},"61":{"line":506,"type":"if","locations":[{"start":{"line":506,"column":8},"end":{"line":506,"column":8}},{"start":{"line":506,"column":8},"end":{"line":506,"column":8}}]},"62":{"line":508,"type":"if","locations":[{"start":{"line":508,"column":8},"end":{"line":508,"column":8}},{"start":{"line":508,"column":8},"end":{"line":508,"column":8}}]},"63":{"line":509,"type":"if","locations":[{"start":{"line":509,"column":8},"end":{"line":509,"column":8}},{"start":{"line":509,"column":8},"end":{"line":509,"column":8}}]},"64":{"line":524,"type":"if","locations":[{"start":{"line":524,"column":85},"end":{"line":524,"column":85}},{"start":{"line":524,"column":85},"end":{"line":524,"column":85}}]},"65":{"line":533,"type":"if","locations":[{"start":{"line":533,"column":103},"end":{"line":533,"column":103}},{"start":{"line":533,"column":103},"end":{"line":533,"column":103}}]},"66":{"line":534,"type":"if","locations":[{"start":{"line":534,"column":8},"end":{"line":534,"column":8}},{"start":{"line":534,"column":8},"end":{"line":534,"column":8}}]},"67":{"line":548,"type":"if","locations":[{"start":{"line":548,"column":8},"end":{"line":548,"column":8}},{"start":{"line":548,"column":8},"end":{"line":548,"column":8}}]},"68":{"line":550,"type":"if","locations":[{"start":{"line":550,"column":8},"end":{"line":550,"column":8}},{"start":{"line":550,"column":8},"end":{"line":550,"column":8}}]},"69":{"line":554,"type":"if","locations":[{"start":{"line":554,"column":8},"end":{"line":554,"column":8}},{"start":{"line":554,"column":8},"end":{"line":554,"column":8}}]},"70":{"line":555,"type":"if","locations":[{"start":{"line":555,"column":8},"end":{"line":555,"column":8}},{"start":{"line":555,"column":8},"end":{"line":555,"column":8}}]},"71":{"line":556,"type":"if","locations":[{"start":{"line":556,"column":8},"end":{"line":556,"column":8}},{"start":{"line":556,"column":8},"end":{"line":556,"column":8}}]},"72":{"line":557,"type":"if","locations":[{"start":{"line":557,"column":8},"end":{"line":557,"column":8}},{"start":{"line":557,"column":8},"end":{"line":557,"column":8}}]},"73":{"line":604,"type":"cond-expr","locations":[{"start":{"line":604,"column":15},"end":{"line":604,"column":55}},{"start":{"line":604,"column":60},"end":{"line":604,"column":95}}]}}}}